Added Component: Designator=C1(Capitor 0805)
Add component (AddParameter): Name = "Manufacturer"; Value = "YAGEO"; VariantName = "[No Variations]"
Add component (AddParameter): Name = "Package & Pin"; Value = "0805___2"; VariantName = "[No Variations]"
Add component (AddParameter): Name = "Part Number"; Value = "CC0805KRX7R9BB104"; VariantName = "[No Variations]"
Add component (AddParameter): Name = "Product Link"; Value = "https://www.lcsc.com/product-detail/C49678.html?s_z=n_CC0805KRX7R9BB104"; VariantName = "[No Variations]"
Added Component: Designator=C2(CAP 6.3X12MM)
Add component (AddParameter): Name = "Manufacturer"; Value = "?"; VariantName = "[No Variations]"
Add component (AddParameter): Name = "Package & Pin"; Value = "?"; VariantName = "[No Variations]"
Add component (AddParameter): Name = "Part Number"; Value = "?"; VariantName = "[No Variations]"
Add component (AddParameter): Name = "Product Link"; Value = "?"; VariantName = "[No Variations]"
Add Component: Footprint Not Found SOT-23
Added Component: Designator=C4(Capitor 0805)
Add component (AddParameter): Name = "Manufacturer"; Value = "YAGEO"; VariantName = "[No Variations]"
Add component (AddParameter): Name = "Package & Pin"; Value = "0805___2"; VariantName = "[No Variations]"
Add component (AddParameter): Name = "Part Number"; Value = "CC0805KRX7R9BB104"; VariantName = "[No Variations]"
Add component (AddParameter): Name = "Product Link"; Value = "https://www.lcsc.com/product-detail/C49678.html?s_z=n_CC0805KRX7R9BB104"; VariantName = "[No Variations]"
Added Component: Designator=C5(Capitor 0805)
Add component (AddParameter): Name = "Manufacturer"; Value = "YAGEO"; VariantName = "[No Variations]"
Add component (AddParameter): Name = "Package & Pin"; Value = "0805___2"; VariantName = "[No Variations]"
Add component (AddParameter): Name = "Part Number"; Value = "CC0805KRX7R9BB104"; VariantName = "[No Variations]"
Add component (AddParameter): Name = "Product Link"; Value = "https://www.lcsc.com/product-detail/C49678.html?s_z=n_CC0805KRX7R9BB104"; VariantName = "[No Variations]"
Added Component: Designator=C6(tu nhom 6.3 (d))
Add component (AddParameter): Name = "Chung_Loai"; Value = "Dán"; VariantName = "[No Variations]"
Add component (AddParameter): Name = "Don_Vi"; Value = "Con"; VariantName = "[No Variations]"
Add component (AddParameter): Name = "Kieu_Chan"; Value = ""; VariantName = "[No Variations]"
Add component (AddParameter): Name = "Ma_Hang"; Value = "MH002222"; VariantName = "[No Variations]"
Add component (AddParameter): Name = "So_Chan"; Value = "2"; VariantName = "[No Variations]"
Add component (AddParameter): Name = "Ten_Linh_Kien"; Value = "T? Nhôm 100uF 25V 6x7MM"; VariantName = "[No Variations]"
Add Component: Footprint Not Found SOT-23
Add Component: Footprint Not Found DO-214AC
Add Component: Footprint Not Found DO-214AC
Add Component: Footprint Not Found DO-214AC
Added Component: Designator=D4(SOIC4W)
Add component (AddParameter): Name = "Manufacturer"; Value = "onsemi"; VariantName = "[No Variations]"
Add component (AddParameter): Name = "Package & Pin"; Value = "SOIC-4___4"; VariantName = "[No Variations]"
Add component (AddParameter): Name = "Part Number"; Value = "MB8S"; VariantName = "[No Variations]"
Add component (AddParameter): Name = "Product Link"; Value = "https://www.lcsc.com/product-detail/C232761.html?s_z=n_MB8S"; VariantName = "[No Variations]"
Added Component: Designator=D5(DO-35)
Add component (AddParameter): Name = "Manufacturer"; Value = "LGE"; VariantName = "[No Variations]"
Add component (AddParameter): Name = "Package & Pin"; Value = "DO-35___2"; VariantName = "[No Variations]"
Add component (AddParameter): Name = "Part Number"; Value = "BZX55C5V1"; VariantName = "[No Variations]"
Add component (AddParameter): Name = "Product Link"; Value = "https://www.lcsc.com/product-detail/C5158979.html?s_z=n_BZX55C5V1"; VariantName = "[No Variations]"
Added Component: Designator=H1(HI-LINK 3W)
Add Component: Footprint Not Found SOT-23
Added Component: Designator=IC1(8-SOIC)
Added Component: Designator=J1(KF7.62 8P)
Add component (AddParameter): Name = "Manufacturer"; Value = "Cixi Kefa Elec"; VariantName = "[No Variations]"
Add component (AddParameter): Name = "Package & Pin"; Value = "DIP___8"; VariantName = "[No Variations]"
Add component (AddParameter): Name = "Part Number"; Value = "KF7.62-8P"; VariantName = "[No Variations]"
Add component (AddParameter): Name = "Product Link"; Value = "https://www.thegioiic.com/kf7-62-8-terminal-khoi-han-pcb-8-cuc-20a-300v-7-62mm"; VariantName = "[No Variations]"
Added Component: Designator=L1(0805)
Added Component: Designator=L2(0805)
Added Component: Designator=L3(0805)
Added Component: Designator=L4(0805)
Added Component: Designator=L5(YLED0805R)
Add component (AddParameter): Name = "Manufacturer"; Value = "YONGYUTAI"; VariantName = "[No Variations]"
Add component (AddParameter): Name = "Package & Pin"; Value = "0805___2"; VariantName = "[No Variations]"
Add component (AddParameter): Name = "Part Number"; Value = "YLED0805R"; VariantName = "[No Variations]"
Add component (AddParameter): Name = "Product Link"; Value = "https://www.lcsc.com/product-detail/C19171391.html?s_z=n_YLED0805R"; VariantName = "[No Variations]"
Added Component: Designator=R1(Resistor 0805)
Added Component: Designator=R2(RELAY YL224-A-S 5PIN)
Add component (AddParameter): Name = "Manufacturer"; Value = "?"; VariantName = "[No Variations]"
Add component (AddParameter): Name = "Package & Pin"; Value = "?"; VariantName = "[No Variations]"
Add component (AddParameter): Name = "Part Number"; Value = "?"; VariantName = "[No Variations]"
Add component (AddParameter): Name = "Product Link"; Value = "?"; VariantName = "[No Variations]"
Added Component: Designator=R3(Resistor 0805)
Added Component: Designator=R4(Resistor 0805)
Added Component: Designator=R5(Relay SRD 5 PIN)
Add component (AddParameter): Name = "Manufacturer"; Value = "?"; VariantName = "[No Variations]"
Add component (AddParameter): Name = "Package & Pin"; Value = "?"; VariantName = "[No Variations]"
Add component (AddParameter): Name = "Part Number"; Value = "?"; VariantName = "[No Variations]"
Add component (AddParameter): Name = "Product Link"; Value = "?"; VariantName = "[No Variations]"
Added Component: Designator=R6(Resistor 0805)
Added Component: Designator=R7(Resistor 0805)
Added Component: Designator=R8(Resistor 0805)
Added Component: Designator=R9(Relay SRD 5 PIN)
Add component (AddParameter): Name = "Manufacturer"; Value = "?"; VariantName = "[No Variations]"
Add component (AddParameter): Name = "Package & Pin"; Value = "?"; VariantName = "[No Variations]"
Add component (AddParameter): Name = "Part Number"; Value = "?"; VariantName = "[No Variations]"
Add component (AddParameter): Name = "Product Link"; Value = "?"; VariantName = "[No Variations]"
Added Component: Designator=R10(Resistor 0805)
Added Component: Designator=R11(Resistor 0805)
Added Component: Designator=R12(Resistor DIP 2W TYPE1)
Add component (AddParameter): Name = "Manufacturer"; Value = "CCO(Chian Chia Elec)"; VariantName = "[No Variations]"
Add component (AddParameter): Name = "Package & Pin"; Value = "Through Hole,D4.5xL11.5mm___2"; VariantName = "[No Variations]"
Add component (AddParameter): Name = "Part Number"; Value = "MOF2WS-150KO±5% T"; VariantName = "[No Variations]"
Add component (AddParameter): Name = "Product Link"; Value = "https://www.lcsc.com/product-detail/C121715.html?s_z=n_2W-150K%25CE%25A9"; VariantName = "[No Variations]"
Added Component: Designator=T1(Bien Tro Vi Chinh Dung)
Add component (AddParameter): Name = "Chung_Loai"; Value = "C?m"; VariantName = "[No Variations]"
Add component (AddParameter): Name = "Don_Vi"; Value = "Con"; VariantName = "[No Variations]"
Add component (AddParameter): Name = "Ghi_Chu"; Value = ""; VariantName = "[No Variations]"
Add component (AddParameter): Name = "Kieu_Chan"; Value = ""; VariantName = "[No Variations]"
Add component (AddParameter): Name = "Ma_Hang"; Value = "MH003232"; VariantName = "[No Variations]"
Add component (AddParameter): Name = "Ten_Linh_Kien"; Value = "Bi?n Tr? VR 103-10K 3296W"; VariantName = "[No Variations]"
Added Component: Designator=U1(SOP-4)
Add component (AddParameter): Name = "Manufacturer"; Value = "GOODWORK"; VariantName = "[No Variations]"
Add component (AddParameter): Name = "Package & Pin"; Value = "SMD-4P___4"; VariantName = "[No Variations]"
Add component (AddParameter): Name = "Part Number"; Value = "PC817B"; VariantName = "[No Variations]"
Add component (AddParameter): Name = "Product Link"; Value = "https://www.lcsc.com/product-detail/C3025163.html?s_z=n_PC817"; VariantName = "[No Variations]"
Added Component: Designator=V1(Via 3mm)
Added Component: Designator=V2(Via 3mm)
Added Pin To Net: NetName=VCC Pin=C1-1
Added Pin To Net: NetName=GND_R Pin=C1-2
Added Pin To Net: NetName=VCC Pin=C2-1
Add Pin To Net: Unknown Pin: Pin C3-1
Add Pin To Net: Unknown Pin: Pin C3-2
Added Pin To Net: NetName=NetC4_1 Pin=C4-1
Added Pin To Net: NetName=GND_R Pin=C4-2
Added Pin To Net: NetName=GND Pin=C5-1
Added Pin To Net: NetName=NetC5_2 Pin=C5-2
Added Pin To Net: NetName=NetC6_1 Pin=C6-1
Add Pin To Net: Unknown Pin: Pin C7-2
Add Pin To Net: Unknown Pin: Pin D1-A
Add Pin To Net: Unknown Pin: Pin D1-C
Add Pin To Net: Unknown Pin: Pin D2-C
Add Pin To Net: Unknown Pin: Pin D3-C
Added Pin To Net: NetName=NetC6_1 Pin=D4-1
Added Pin To Net: NetName=L Pin=D4-3
Added Pin To Net: NetName=NetD4_4 Pin=D4-4
Added Pin To Net: NetName=NetC6_1 Pin=D5-C
Added Pin To Net: NetName=L Pin=H1-1
Added Pin To Net: NetName=N Pin=H1-2
Added Pin To Net: NetName=GND Pin=H1-3
Added Pin To Net: NetName=VCC Pin=H1-4
Add Pin To Net: Unknown Pin: Pin I1-1
Add Pin To Net: Unknown Pin: Pin I1-2
Add Pin To Net: Unknown Pin: Pin I1-3
Added Pin To Net: NetName=GND_R Pin=IC1-1
Added Pin To Net: NetName=NetIC1_3 Pin=IC1-3
Added Pin To Net: NetName=VCC Pin=IC1-4
Added Pin To Net: NetName=NetC4_1 Pin=IC1-5
Added Pin To Net: NetName=VCC Pin=IC1-8
Added Pin To Net: NetName=N Pin=J1-1
Added Pin To Net: NetName=L Pin=J1-2
Added Pin To Net: NetName=N Pin=J1-3
Added Pin To Net: NetName=M Pin=J1-4
Added Pin To Net: NetName=N Pin=J1-5
Added Pin To Net: NetName=SENSOR_LOW Pin=J1-6
Added Pin To Net: NetName=S Pin=J1-7
Added Pin To Net: NetName=S1 Pin=J1-8
Added Pin To Net: NetName=NetL1_1 Pin=L1-1
Added Pin To Net: NetName=GND Pin=L1-2
Added Pin To Net: NetName=NetL2_1 Pin=L2-1
Added Pin To Net: NetName=R Pin=L2-2
Added Pin To Net: NetName=NetL3_1 Pin=L3-1
Added Pin To Net: NetName=NetL4_1 Pin=L4-1
Added Pin To Net: NetName=NetC6_1 Pin=L5-1
Added Pin To Net: NetName=NetL5_2 Pin=L5-2
Added Pin To Net: NetName=VCC Pin=R1-1
Added Pin To Net: NetName=NetL1_1 Pin=R1-2
Added Pin To Net: NetName=L Pin=R2-1
Added Pin To Net: NetName=L Pin=R2-1
Added Pin To Net: NetName=M Pin=R2-3
Added Pin To Net: NetName=R Pin=R2-4
Added Pin To Net: NetName=VCC Pin=R2-5
Added Pin To Net: NetName=VCC Pin=R3-1
Added Pin To Net: NetName=NetL2_1 Pin=R3-2
Added Pin To Net: NetName=VCC Pin=R4-1
Added Pin To Net: NetName=NetL3_1 Pin=R4-2
Added Pin To Net: NetName=GND_IC555 Pin=R5-1
Added Pin To Net: NetName=R Pin=R5-2
Added Pin To Net: NetName=VCC Pin=R5-4
Added Pin To Net: NetName=NetIC1_3 Pin=R6-1
Added Pin To Net: NetName=NetC3_1 Pin=R6-2
Added Pin To Net: NetName=S1 Pin=R7-1
Added Pin To Net: NetName=NetC5_2 Pin=R7-2
Added Pin To Net: NetName=GND Pin=R8-1
Added Pin To Net: NetName=NetC5_2 Pin=R8-2
Added Pin To Net: NetName=GND_IC555 Pin=R9-1
Added Pin To Net: NetName=GND_R Pin=R9-2
Added Pin To Net: NetName=VCC Pin=R9-4
Added Pin To Net: NetName=VCC Pin=R10-1
Added Pin To Net: NetName=NetL4_1 Pin=R10-2
Added Pin To Net: NetName=VCC Pin=R11-1
Added Pin To Net: NetName=FLOW Pin=R12-1
Added Pin To Net: NetName=NetD4_4 Pin=R12-2
Added Pin To Net: NetName=GND_R Pin=T1-1
Added Pin To Net: NetName=GND_R Pin=T1-2
Added Pin To Net: NetName=NetL5_2 Pin=U1-1
Added Pin To Net: NetName=GND Pin=U1-3
Added Pin To Net: NetName=NetC2_2 Pin=C2-2
Added Pin To Net: NetName=NetC2_2 Pin=IC1-2
Added Pin To Net: NetName=NetC2_2 Pin=IC1-6
Added Pin To Net: NetName=NetC2_2 Pin=T1-3
Added Net: Name=NetC2_2
Added Pin To Net: NetName=NetC3_3 Pin=L3-2
Added Pin To Net: NetName=NetC3_3 Pin=R5-5
Added Net: Name=NetC3_3
Added Pin To Net: NetName=NetC6_2 Pin=C6-2
Added Pin To Net: NetName=NetC6_2 Pin=D4-2
Added Pin To Net: NetName=NetC6_2 Pin=D5-A
Added Pin To Net: NetName=NetC6_2 Pin=U1-2
Added Net: Name=NetC6_2
Added Pin To Net: NetName=NetC7_1 Pin=R11-2
Added Pin To Net: NetName=NetC7_1 Pin=U1-4
Added Net: Name=NetC7_1
Added Pin To Net: NetName=NetC7_3 Pin=L4-2
Added Pin To Net: NetName=NetC7_3 Pin=R9-5
Added Net: Name=NetC7_3
Added Member To Class: ClassName=IC555_FLOW_RELAY_MOTTOR Member=Component C1 100nF_50V_0805
Added Member To Class: ClassName=IC555_FLOW_RELAY_MOTTOR Member=Component C2 100uF/25V
Add Class Member: Failed to add class member : Component C3 MMBT3904
Added Member To Class: ClassName=IC555_FLOW_RELAY_MOTTOR Member=Component C4 100nF_50V_0805
Added Member To Class: ClassName=IC555_FLOW_RELAY_MOTTOR Member=Component C5 100nF_50V_0805
Added Member To Class: ClassName=IC555_FLOW_RELAY_MOTTOR Member=Component C6 100uF_25V_ALUM
Add Class Member: Failed to add class member : Component C7 MMBT3904
Add Class Member: Failed to add class member : Component D1 1N4007 - M7
Add Class Member: Failed to add class member : Component D2 1N4007 - M7
Add Class Member: Failed to add class member : Component D3 1N4007 - M7
Added Member To Class: ClassName=IC555_FLOW_RELAY_MOTTOR Member=Component D4 MB8S
Added Member To Class: ClassName=IC555_FLOW_RELAY_MOTTOR Member=Component D5 BZX55C5V1
Added Member To Class: ClassName=IC555_FLOW_RELAY_MOTTOR Member=Component H1 Hi-Link
Add Class Member: Failed to add class member : Component I1 Mosfet SMD
Added Member To Class: ClassName=IC555_FLOW_RELAY_MOTTOR Member=Component IC1 NE555DR
Added Member To Class: ClassName=IC555_FLOW_RELAY_MOTTOR Member=Component J1 KF7.62-8P
Added Member To Class: ClassName=IC555_FLOW_RELAY_MOTTOR Member=Component L1 Led
Added Member To Class: ClassName=IC555_FLOW_RELAY_MOTTOR Member=Component L2 Led
Added Member To Class: ClassName=IC555_FLOW_RELAY_MOTTOR Member=Component L3 Led
Added Member To Class: ClassName=IC555_FLOW_RELAY_MOTTOR Member=Component L4 Led
Added Member To Class: ClassName=IC555_FLOW_RELAY_MOTTOR Member=Component L5 YLED0805R
Added Member To Class: ClassName=IC555_FLOW_RELAY_MOTTOR Member=Component R1 1k
Added Member To Class: ClassName=IC555_FLOW_RELAY_MOTTOR Member=Component R2 Relay 5 PIN
Added Member To Class: ClassName=IC555_FLOW_RELAY_MOTTOR Member=Component R3 1k
Added Member To Class: ClassName=IC555_FLOW_RELAY_MOTTOR Member=Component R4 1k
Added Member To Class: ClassName=IC555_FLOW_RELAY_MOTTOR Member=Component R5 Relay 5 PIN
Added Member To Class: ClassName=IC555_FLOW_RELAY_MOTTOR Member=Component R6 220R
Added Member To Class: ClassName=IC555_FLOW_RELAY_MOTTOR Member=Component R7 1k
Added Member To Class: ClassName=IC555_FLOW_RELAY_MOTTOR Member=Component R8 100k
Added Member To Class: ClassName=IC555_FLOW_RELAY_MOTTOR Member=Component R9 Relay 5 PIN
Added Member To Class: ClassName=IC555_FLOW_RELAY_MOTTOR Member=Component R10 1k
Added Member To Class: ClassName=IC555_FLOW_RELAY_MOTTOR Member=Component R11 1k
Added Member To Class: ClassName=IC555_FLOW_RELAY_MOTTOR Member=Component R12 150k_2W
Added Member To Class: ClassName=IC555_FLOW_RELAY_MOTTOR Member=Component T1 10K
Added Member To Class: ClassName=IC555_FLOW_RELAY_MOTTOR Member=Component U1 PC817B
Added Member To Class: ClassName=IC555_FLOW_RELAY_MOTTOR Member=Component V1 Via 3mm
Added Member To Class: ClassName=IC555_FLOW_RELAY_MOTTOR Member=Component V2 Via 3mm
